Determining if the pthread_create exist failed with the following output:
Change Dir: /home/guifei/client_Mpath_Proto/client_MPath_/src/build/CMakeFiles/CMakeTmp

Run Build Command:"/usr/bin/make" "cmTC_fe87e/fast"
/usr/bin/make -f CMakeFiles/cmTC_fe87e.dir/build.make CMakeFiles/cmTC_fe87e.dir/build
make[1]: Entering directory '/home/guifei/client_Mpath_Proto/client_MPath_/src/build/CMakeFiles/CMakeTmp'
Building C object CMakeFiles/cmTC_fe87e.dir/CheckSymbolExists.c.o
/usr/bin/cc     -o CMakeFiles/cmTC_fe87e.dir/CheckSymbolExists.c.o   -c /home/guifei/client_Mpath_Proto/client_MPath_/src/build/CMakeFiles/CMakeTmp/CheckSymbolExists.c
Linking C executable cmTC_fe87e
/usr/bin/cmake -E cmake_link_script CMakeFiles/cmTC_fe87e.dir/link.txt --verbose=1
/usr/bin/cc       CMakeFiles/cmTC_fe87e.dir/CheckSymbolExists.c.o  -o cmTC_fe87e -rdynamic 
CMakeFiles/cmTC_fe87e.dir/CheckSymbolExists.c.o: In function `main':
CheckSymbolExists.c:(.text+0x16): undefined reference to `pthread_create'
collect2: error: ld returned 1 exit status
CMakeFiles/cmTC_fe87e.dir/build.make:97: recipe for target 'cmTC_fe87e' failed
make[1]: *** [cmTC_fe87e] Error 1
make[1]: Leaving directory '/home/guifei/client_Mpath_Proto/client_MPath_/src/build/CMakeFiles/CMakeTmp'
Makefile:126: recipe for target 'cmTC_fe87e/fast' failed
make: *** [cmTC_fe87e/fast] Error 2

File /home/guifei/client_Mpath_Proto/client_MPath_/src/build/CMakeFiles/CMakeTmp/CheckSymbolExists.c:
/* */
#include <pthread.h>

int main(int argc, char** argv)
{
  (void)argv;
#ifndef pthread_create
  return ((int*)(&pthread_create))[argc];
#else
  (void)argc;
  return 0;
#endif
}

